<?xml version="1.0" encoding="UTF-8"?>
<!-- Generated by org.testng.reporters.JUnitReportReporter -->
<testsuite hostname="GLB-343-PC" failures="0" tests="1" name="com.crm.testRunner.TestRunner" time="0.233" errors="0" timestamp="21 Nov 2018 07:34:01 GMT" skipped="0">
  <testcase classname="com.crm.testRunner.TestRunner" name="feature" time="0.233"/>
</testsuite> <!-- com.crm.testRunner.TestRunner -->
